00:00:00.244421 VirtualBox GUI VM Selector Window 7.1.6 r167084 linux.amd64 (Jan 27 2025 07:52:25) release log
00:00:00.244422 Log opened 2025-01-31T08:25:19.826557000Z
00:00:00.244423 Build Type: release
00:00:00.244425 OS Product: Linux
00:00:00.244425 OS Release: 6.12.10-arch1-1
00:00:00.244426 OS Version: #1 SMP PREEMPT_DYNAMIC Sat, 18 Jan 2025 02:26:57 +0000
00:00:00.244448 DMI Product Name: XPS 13 7390
00:00:00.244455 DMI Product Version: 
00:00:00.244460 Firmware type: UEFI
00:00:00.245021 Secure Boot: Disabled
00:00:00.245134 Host RAM: 7632MB (7.4GB) total, 5435MB (5.3GB) available
00:00:00.245137 Executable: /usr/lib/virtualbox/VirtualBox
00:00:00.245138 Process ID: 10076
00:00:00.245138 Package type: LINUX_64BITS_GENERIC (OSE)
00:00:00.245166 Qt version: 6.8.1
00:00:00.245680 GUI: UIMediumEnumerator: Initial medium-enumeration finished!
00:00:00.247139 GUI: UIMediumEnumerator: Medium-enumeration started...
00:00:00.247158 GUI: UIMediumEnumerator: Medium-enumeration finished!
00:00:00.783199 GUI: UIDesktopWidgetWatchdog::sltHandleHostScreenAvailableGeometryCalculated: Screen 0 work area is actually resized to: 560x140 x 800x800
00:00:13.934961 GUI: UICommon: Handling aboutToQuit request..
00:00:14.904567 GUI: UICommon: aboutToQuit request handled!
