Error while parsing hooks JSON. Error: ENOENT: no such file or directory, open '/home/chiron/.config/Microsoft/Microsoft Teams/hooks.json'
(node:40283) [DEP0005] DeprecationWarning: Buffer() is deprecated due to security and usability issues. Please use the Buffer.alloc(), Buffer.allocUnsafe(), or Buffer.from() methods instead.
(node:40283) MaxListenersExceededWarning: Possible EventEmitter memory leak detected. 11 ecsSettingsUpdated listeners added to [EventEmitter]. Use emitter.setMaxListeners() to increase limit
(node:40283) MaxListenersExceededWarning: Possible EventEmitter memory leak detected. 11 appInitialized listeners added to [EventEmitter]. Use emitter.setMaxListeners() to increase limit
Opening in existing browser session.
Error occurred in handler for 'setSelectedAudioOutputDevice': No handler registered for 'setSelectedAudioOutputDevice'
Error occurred in handler for 'setSelectedAudioOutputDevice': No handler registered for 'setSelectedAudioOutputDevice'
Error occurred in handler for 'setSelectedAudioOutputDevice': No handler registered for 'setSelectedAudioOutputDevice'
Error occurred in handler for 'setSelectedAudioOutputDevice': No handler registered for 'setSelectedAudioOutputDevice'
Error occurred in handler for 'setSelectedAudioOutputDevice': No handler registered for 'setSelectedAudioOutputDevice'
Error occurred in handler for 'setSelectedAudioOutputDevice': No handler registered for 'setSelectedAudioOutputDevice'
Error occurred in handler for 'setSelectedAudioOutputDevice': No handler registered for 'setSelectedAudioOutputDevice'
Error occurred in handler for 'setSelectedAudioOutputDevice': No handler registered for 'setSelectedAudioOutputDevice'
Error occurred in handler for 'setSelectedAudioOutputDevice': No handler registered for 'setSelectedAudioOutputDevice'
Error occurred in handler for 'setSelectedAudioOutputDevice': No handler registered for 'setSelectedAudioOutputDevice'
Error occurred in handler for 'setSelectedAudioOutputDevice': No handler registered for 'setSelectedAudioOutputDevice'
Error occurred in handler for 'setSelectedAudioOutputDevice': No handler registered for 'setSelectedAudioOutputDevice'
Error occurred in handler for 'setSelectedAudioOutputDevice': No handler registered for 'setSelectedAudioOutputDevice'
Error occurred in handler for 'setSelectedAudioOutputDevice': No handler registered for 'setSelectedAudioOutputDevice'
Error occurred in handler for 'setSelectedAudioOutputDevice': No handler registered for 'setSelectedAudioOutputDevice'
Opening in existing browser session.
